20:12:46.816 [main] DEBUG com.intuit.karate.Suite - [config] classpath:karate-config.js
20:12:48.866 [main] INFO  com.intuit.karate - karate.env system property was: null 
20:12:50.051 [main] DEBUG com.intuit.karate - request:
1 > GET https://jsonplaceholder.typicode.com/users
1 > Host: jsonplaceholder.typicode.com
1 > Connection: Keep-Alive
1 > User-Agent: Apache-HttpClient/4.5.13 (Java/17.0.1)
1 > Accept-Encoding: gzip,deflate


20:12:50.531 [main] DEBUG com.intuit.karate - response time in milliseconds: 476
1 < 200
1 < Date: Thu, 18 Nov 2021 13:12:50 GMT
1 < Content-Type: application/json; charset=utf-8
1 < Transfer-Encoding: chunked
1 < Connection: keep-alive
1 < x-powered-by: Express
1 < x-ratelimit-limit: 1000
1 < x-ratelimit-remaining: 998
1 < x-ratelimit-reset: 1631494143
1 < vary: Origin, Accept-Encoding
1 < access-control-allow-credentials: true
1 < cache-control: max-age=43200
1 < pragma: no-cache
1 < expires: -1
1 < x-content-type-options: nosniff
1 < etag: W/"160d-1eMSsxeJRfnVLRBmYJSbCiJZ1qQ"
1 < via: 1.1 vegur
1 < CF-Cache-Status: HIT
1 < Age: 4976
1 < Expect-CT: max-age=604800, report-uri="https://report-uri.cloudflare.com/cdn-cgi/beacon/expect-ct"
1 < Report-To: {"endpoints":[{"url":"https:\/\/a.nel.cloudflare.com\/report\/v3?s=d3%2BCdi64HXJX9VZecKZnjTV3uyRMX0jA%2FDzTMukAZ58mvNyuKPZfiGCQq4wF9doTdubIsb6oXAxxTxTO%2B0KgwtLkHmtyoyihNA8PEVmepMr0Z3ajvqF4JWy2lsGHXswp908bCne7hkbrdneTTOdg"}],"group":"cf-nel","max_age":604800}
1 < NEL: {"success_fraction":0,"report_to":"cf-nel","max_age":604800}
1 < Server: cloudflare
1 < CF-RAY: 6b0173e38a6326cd-BKK
1 < alt-svc: h3=":443"; ma=86400, h3-29=":443"; ma=86400, h3-28=":443"; ma=86400, h3-27=":443"; ma=86400
[
  {
    "id": 1,
    "name": "Leanne Graham",
    "username": "Bret",
    "email": "Sincere@april.biz",
    "address": {
      "street": "Kulas Light",
      "suite": "Apt. 556",
      "city": "Gwenborough",
      "zipcode": "92998-3874",
      "geo": {
        "lat": "-37.3159",
        "lng": "81.1496"
      }
    },
    "phone": "1-770-736-8031 x56442",
    "website": "hildegard.org",
    "company": {
      "name": "Romaguera-Crona",
      "catchPhrase": "Multi-layered client-server neural-net",
      "bs": "harness real-time e-markets"
    }
  },
  {
    "id": 2,
    "name": "Ervin Howell",
    "username": "Antonette",
    "email": "Shanna@melissa.tv",
    "address": {
      "street": "Victor Plains",
      "suite": "Suite 879",
      "city": "Wisokyburgh",
      "zipcode": "90566-7771",
      "geo": {
        "lat": "-43.9509",
        "lng": "-34.4618"
      }
    },
    "phone": "010-692-6593 x09125",
    "website": "anastasia.net",
    "company": {
      "name": "Deckow-Crist",
      "catchPhrase": "Proactive didactic contingency",
      "bs": "synergize scalable supply-chains"
    }
  },
  {
    "id": 3,
    "name": "Clementine Bauch",
    "username": "Samantha",
    "email": "Nathan@yesenia.net",
    "address": {
      "street": "Douglas Extension",
      "suite": "Suite 847",
      "city": "McKenziehaven",
      "zipcode": "59590-4157",
      "geo": {
        "lat": "-68.6102",
        "lng": "-47.0653"
      }
    },
    "phone": "1-463-123-4447",
    "website": "ramiro.info",
    "company": {
      "name": "Romaguera-Jacobson",
      "catchPhrase": "Face to face bifurcated interface",
      "bs": "e-enable strategic applications"
    }
  },
  {
    "id": 4,
    "name": "Patricia Lebsack",
    "username": "Karianne",
    "email": "Julianne.OConner@kory.org",
    "address": {
      "street": "Hoeger Mall",
      "suite": "Apt. 692",
      "city": "South Elvis",
      "zipcode": "53919-4257",
      "geo": {
        "lat": "29.4572",
        "lng": "-164.2990"
      }
    },
    "phone": "493-170-9623 x156",
    "website": "kale.biz",
    "company": {
      "name": "Robel-Corkery",
      "catchPhrase": "Multi-tiered zero tolerance productivity",
      "bs": "transition cutting-edge web services"
    }
  },
  {
    "id": 5,
    "name": "Chelsey Dietrich",
    "username": "Kamren",
    "email": "Lucio_Hettinger@annie.ca",
    "address": {
      "street": "Skiles Walks",
      "suite": "Suite 351",
      "city": "Roscoeview",
      "zipcode": "33263",
      "geo": {
        "lat": "-31.8129",
        "lng": "62.5342"
      }
    },
    "phone": "(254)954-1289",
    "website": "demarco.info",
    "company": {
      "name": "Keebler LLC",
      "catchPhrase": "User-centric fault-tolerant solution",
      "bs": "revolutionize end-to-end systems"
    }
  },
  {
    "id": 6,
    "name": "Mrs. Dennis Schulist",
    "username": "Leopoldo_Corkery",
    "email": "Karley_Dach@jasper.info",
    "address": {
      "street": "Norberto Crossing",
      "suite": "Apt. 950",
      "city": "South Christy",
      "zipcode": "23505-1337",
      "geo": {
        "lat": "-71.4197",
        "lng": "71.7478"
      }
    },
    "phone": "1-477-935-8478 x6430",
    "website": "ola.org",
    "company": {
      "name": "Considine-Lockman",
      "catchPhrase": "Synchronised bottom-line interface",
      "bs": "e-enable innovative applications"
    }
  },
  {
    "id": 7,
    "name": "Kurtis Weissnat",
    "username": "Elwyn.Skiles",
    "email": "Telly.Hoeger@billy.biz",
    "address": {
      "street": "Rex Trail",
      "suite": "Suite 280",
      "city": "Howemouth",
      "zipcode": "58804-1099",
      "geo": {
        "lat": "24.8918",
        "lng": "21.8984"
      }
    },
    "phone": "210.067.6132",
    "website": "elvis.io",
    "company": {
      "name": "Johns Group",
      "catchPhrase": "Configurable multimedia task-force",
      "bs": "generate enterprise e-tailers"
    }
  },
  {
    "id": 8,
    "name": "Nicholas Runolfsdottir V",
    "username": "Maxime_Nienow",
    "email": "Sherwood@rosamond.me",
    "address": {
      "street": "Ellsworth Summit",
      "suite": "Suite 729",
      "city": "Aliyaview",
      "zipcode": "45169",
      "geo": {
        "lat": "-14.3990",
        "lng": "-120.7677"
      }
    },
    "phone": "586.493.6943 x140",
    "website": "jacynthe.com",
    "company": {
      "name": "Abernathy Group",
      "catchPhrase": "Implemented secondary concept",
      "bs": "e-enable extensible e-tailers"
    }
  },
  {
    "id": 9,
    "name": "Glenna Reichert",
    "username": "Delphine",
    "email": "Chaim_McDermott@dana.io",
    "address": {
      "street": "Dayna Park",
      "suite": "Suite 449",
      "city": "Bartholomebury",
      "zipcode": "76495-3109",
      "geo": {
        "lat": "24.6463",
        "lng": "-168.8889"
      }
    },
    "phone": "(775)976-6794 x41206",
    "website": "conrad.com",
    "company": {
      "name": "Yost and Sons",
      "catchPhrase": "Switchable contextually-based project",
      "bs": "aggregate real-time technologies"
    }
  },
  {
    "id": 10,
    "name": "Clementina DuBuque",
    "username": "Moriah.Stanton",
    "email": "Rey.Padberg@karina.biz",
    "address": {
      "street": "Kattie Turnpike",
      "suite": "Suite 198",
      "city": "Lebsackbury",
      "zipcode": "31428-2261",
      "geo": {
        "lat": "-38.2386",
        "lng": "57.2232"
      }
    },
    "phone": "024-648-3804",
    "website": "ambrose.net",
    "company": {
      "name": "Hoeger LLC",
      "catchPhrase": "Centralized empowering task-force",
      "bs": "target end-to-end models"
    }
  }
]
20:12:50.605 [main] DEBUG com.intuit.karate - request:
2 > GET https://jsonplaceholder.typicode.com/users/1
2 > Host: jsonplaceholder.typicode.com
2 > Connection: Keep-Alive
2 > User-Agent: Apache-HttpClient/4.5.13 (Java/17.0.1)
2 > Accept-Encoding: gzip,deflate


20:12:51.343 [main] DEBUG com.intuit.karate - response time in milliseconds: 737
2 < 200
2 < Date: Thu, 18 Nov 2021 13:12:51 GMT
2 < Content-Type: application/json; charset=utf-8
2 < Transfer-Encoding: chunked
2 < Connection: keep-alive
2 < x-powered-by: Express
2 < x-ratelimit-limit: 1000
2 < x-ratelimit-remaining: 999
2 < x-ratelimit-reset: 1637241193
2 < vary: Origin, Accept-Encoding
2 < access-control-allow-credentials: true
2 < cache-control: max-age=43200
2 < pragma: no-cache
2 < expires: -1
2 < x-content-type-options: nosniff
2 < etag: W/"1fd-+2Y3G3w049iSZtw5t1mzSnunngE"
2 < via: 1.1 vegur
2 < CF-Cache-Status: MISS
2 < Expect-CT: max-age=604800, report-uri="https://report-uri.cloudflare.com/cdn-cgi/beacon/expect-ct"
2 < Report-To: {"endpoints":[{"url":"https:\/\/a.nel.cloudflare.com\/report\/v3?s=3zLzJoTfK4uOjpfIIAtIWEvTvy08W2XGrJhfsTdbo3oS%2FMIq2UauxyrYIWOf7H9msNaUoyp63y2i9otfeT5RaV4tnVm%2FWs754hvSJ1THswvSjb%2B6%2BCiOv6pBprB8cAfaSeDxPz6f8u0pRYtDxfFl"}],"group":"cf-nel","max_age":604800}
2 < NEL: {"success_fraction":0,"report_to":"cf-nel","max_age":604800}
2 < Server: cloudflare
2 < CF-RAY: 6b0173e4ab145beb-BKK
2 < alt-svc: h3=":443"; ma=86400, h3-29=":443"; ma=86400, h3-28=":443"; ma=86400, h3-27=":443"; ma=86400
{
  "id": 1,
  "name": "Leanne Graham",
  "username": "Bret",
  "email": "Sincere@april.biz",
  "address": {
    "street": "Kulas Light",
    "suite": "Apt. 556",
    "city": "Gwenborough",
    "zipcode": "92998-3874",
    "geo": {
      "lat": "-37.3159",
      "lng": "81.1496"
    }
  },
  "phone": "1-770-736-8031 x56442",
  "website": "hildegard.org",
  "company": {
    "name": "Romaguera-Crona",
    "catchPhrase": "Multi-layered client-server neural-net",
    "bs": "harness real-time e-markets"
  }
}
20:12:51.446 [main] INFO  com.intuit.karate - karate.env system property was: null 
20:12:51.599 [main] DEBUG com.intuit.karate - request:
1 > POST https://jsonplaceholder.typicode.com/users
1 > Content-Type: application/json; charset=UTF-8
1 > Content-Length: 160
1 > Host: jsonplaceholder.typicode.com
1 > Connection: Keep-Alive
1 > User-Agent: Apache-HttpClient/4.5.13 (Java/17.0.1)
1 > Accept-Encoding: gzip,deflate
{"name":"Test User","username":"testuser","email":"test@user.com","address":{"street":"Has No Name","suite":"Apt. 123","city":"Electri","zipcode":"54321-6789"}}

20:12:52.198 [main] DEBUG com.intuit.karate - response time in milliseconds: 598
1 < 201
1 < Date: Thu, 18 Nov 2021 13:12:52 GMT
1 < Content-Type: application/json; charset=utf-8
1 < Content-Length: 216
1 < Connection: keep-alive
1 < x-powered-by: Express
1 < x-ratelimit-limit: 1000
1 < x-ratelimit-remaining: 998
1 < x-ratelimit-reset: 1637241193
1 < vary: Origin, X-HTTP-Method-Override, Accept-Encoding
1 < access-control-allow-credentials: true
1 < cache-control: no-cache
1 < pragma: no-cache
1 < expires: -1
1 < access-control-expose-headers: Location
1 < location: http://jsonplaceholder.typicode.com/users/11
1 < x-content-type-options: nosniff
1 < etag: W/"d8-pYV7+YuMGP2hxHPU9ARrf97ifDA"
1 < via: 1.1 vegur
1 < CF-Cache-Status: DYNAMIC
1 < Expect-CT: max-age=604800, report-uri="https://report-uri.cloudflare.com/cdn-cgi/beacon/expect-ct"
1 < Report-To: {"endpoints":[{"url":"https:\/\/a.nel.cloudflare.com\/report\/v3?s=q6fpFCavZaOf18QJzheqtym8hKHQAOhskXS8yLbe4SXzC%2BXryeclPqzL8iG9GtGVeQRdT%2FBPWw7o3W6C7B9ozdCKVXFAuCcWX91rRHT0tzLCZi52Z0PJV6dQG9739OzAcL88CixpEKr%2BgH9tQyw0"}],"group":"cf-nel","max_age":604800}
1 < NEL: {"success_fraction":0,"report_to":"cf-nel","max_age":604800}
1 < Server: cloudflare
1 < CF-RAY: 6b0173eab85337e2-BKK
1 < alt-svc: h3=":443"; ma=86400, h3-29=":443"; ma=86400, h3-28=":443"; ma=86400, h3-27=":443"; ma=86400
{
  "name": "Test User",
  "username": "testuser",
  "email": "test@user.com",
  "address": {
    "street": "Has No Name",
    "suite": "Apt. 123",
    "city": "Electri",
    "zipcode": "54321-6789"
  },
  "id": 11
}
20:12:52.204 [main] INFO  com.intuit.karate - [print] created id is:  11 
20:26:55.518 [main] DEBUG com.intuit.karate.Suite - [config] classpath:karate-config.js
20:26:56.792 [main] INFO  com.intuit.karate - karate.env system property was: null 
20:26:57.311 [main] DEBUG com.intuit.karate - request:
1 > POST http://localhost:6969/students/v1/check/studentid
1 > Content-Type: application/json; charset=UTF-8
1 > Content-Length: 27
1 > Host: localhost:6969
1 > Connection: Keep-Alive
1 > User-Agent: Apache-HttpClient/4.5.13 (Java/17.0.1)
1 > Accept-Encoding: gzip,deflate
{"studentId":"59090500809"}

20:26:57.350 [main] DEBUG com.intuit.karate - response time in milliseconds: 37
1 < 200
1 < Content-Type: application/json
1 < Connection: close
1 < Date: Thu, 18 Nov 2021 13:26:57 GMT
1 < Transfer-Encoding: chunked
{
    "message": "not found"
}
20:31:05.438 [main] DEBUG com.intuit.karate.Suite - [config] classpath:karate-config.js
20:31:06.638 [main] INFO  com.intuit.karate - karate.env system property was: null 
20:31:07.153 [main] DEBUG com.intuit.karate - request:
1 > POST http://localhost:6969/students/v1/check/studentid
1 > Content-Type: application/json; charset=UTF-8
1 > Content-Length: 27
1 > Host: localhost:6969
1 > Connection: Keep-Alive
1 > User-Agent: Apache-HttpClient/4.5.13 (Java/17.0.1)
1 > Accept-Encoding: gzip,deflate
{"studentId":"59090500809"}

20:31:07.190 [main] DEBUG com.intuit.karate - response time in milliseconds: 36
1 < 200
1 < Content-Type: application/json
1 < Connection: close
1 < Date: Thu, 18 Nov 2021 13:31:07 GMT
1 < Transfer-Encoding: chunked
{
    "message": "not found"
}
20:31:07.194 [main] ERROR com.intuit.karate - classpath:examples/users/users.feature:12
And macth $ == {message: 'not found'}
no step-definition method match found for: macth $ == {message: 'not found'}
classpath:examples/users/users.feature:12
20:32:38.518 [main] DEBUG com.intuit.karate.Suite - [config] classpath:karate-config.js
20:32:39.558 [main] INFO  com.intuit.karate - karate.env system property was: null 
20:32:39.973 [main] DEBUG com.intuit.karate - request:
1 > POST http://localhost:6969/students/v1/check/studentid
1 > Content-Type: application/json; charset=UTF-8
1 > Content-Length: 27
1 > Host: localhost:6969
1 > Connection: Keep-Alive
1 > User-Agent: Apache-HttpClient/4.5.13 (Java/17.0.1)
1 > Accept-Encoding: gzip,deflate
{"studentId":"59090500809"}

20:32:40.005 [main] DEBUG com.intuit.karate - response time in milliseconds: 29
1 < 200
1 < Content-Type: application/json
1 < Connection: close
1 < Date: Thu, 18 Nov 2021 13:32:39 GMT
1 < Transfer-Encoding: chunked
{
    "message": "not found"
}
20:34:14.726 [main] DEBUG com.intuit.karate.Suite - [config] classpath:karate-config.js
20:34:15.701 [main] INFO  com.intuit.karate - karate.env system property was: null 
20:34:16.114 [main] DEBUG com.intuit.karate - request:
1 > POST http://localhost:6969/students/v1/check/studentid
1 > Content-Type: application/json; charset=UTF-8
1 > Content-Length: 27
1 > Host: localhost:6969
1 > Connection: Keep-Alive
1 > User-Agent: Apache-HttpClient/4.5.13 (Java/17.0.1)
1 > Accept-Encoding: gzip,deflate
{"studentId":"59090500809"}

20:34:16.147 [main] DEBUG com.intuit.karate - response time in milliseconds: 31
1 < 200
1 < Content-Type: application/json
1 < Connection: close
1 < Date: Thu, 18 Nov 2021 13:34:16 GMT
1 < Transfer-Encoding: chunked
{
    "message": "not found"
}
20:36:37.633 [main] DEBUG com.intuit.karate.Suite - [config] classpath:karate-config.js
20:36:38.685 [main] INFO  com.intuit.karate - karate.env system property was: null 
20:36:39.089 [main] DEBUG com.intuit.karate - request:
1 > POST http://localhost:6969/students/v1/check/studentid
1 > Content-Type: application/json; charset=UTF-8
1 > Content-Length: 27
1 > Host: localhost:6969
1 > Connection: Keep-Alive
1 > User-Agent: Apache-HttpClient/4.5.13 (Java/17.0.1)
1 > Accept-Encoding: gzip,deflate
{"studentId":"59090500409"}

20:36:39.123 [main] DEBUG com.intuit.karate - response time in milliseconds: 32
1 < 200
1 < Content-Type: application/json
1 < Connection: close
1 < Date: Thu, 18 Nov 2021 13:36:39 GMT
1 < Transfer-Encoding: chunked
{
    "faculty": "วิทยาศาสตร์",
    "department": "คณิตศาสตร์",
    "major": "วิทยาการคอมพิวเตอร์ประยุกต์"
}
20:37:00.510 [main] DEBUG com.intuit.karate.Suite - [config] classpath:karate-config.js
20:37:01.546 [main] INFO  com.intuit.karate - karate.env system property was: null 
20:37:01.954 [main] DEBUG com.intuit.karate - request:
1 > POST http://localhost:6969/students/v1/check/studentid
1 > Content-Type: application/json; charset=UTF-8
1 > Content-Length: 27
1 > Host: localhost:6969
1 > Connection: Keep-Alive
1 > User-Agent: Apache-HttpClient/4.5.13 (Java/17.0.1)
1 > Accept-Encoding: gzip,deflate
{"studentId":"59090500809"}

20:37:01.987 [main] DEBUG com.intuit.karate - response time in milliseconds: 30
1 < 200
1 < Content-Type: application/json
1 < Connection: close
1 < Date: Thu, 18 Nov 2021 13:37:01 GMT
1 < Transfer-Encoding: chunked
{
    "message": "not found"
}
20:37:02.001 [main] ERROR com.intuit.karate - classpath:examples/users/users.feature:12
And match $ == {faculty: "วิทยาศาสตร์",department: "คณิตศาสตร์",major: "วิทยาการคอมพิวเตอร์ประยุกต์"}
match failed: EQUALS
  $ | not equal | actual does not contain key - 'faculty' (MAP:MAP)
  {"message":"not found"}
  {"faculty":"วิทยาศาสตร์","department":"คณิตศาสตร์","major":"วิทยาการคอมพิวเตอร์ประยุกต์"}


classpath:examples/users/users.feature:12
20:39:00.451 [main] DEBUG com.intuit.karate.Suite - [config] classpath:karate-config.js
20:39:01.459 [main] INFO  com.intuit.karate - karate.env system property was: null 
20:39:01.871 [main] DEBUG com.intuit.karate - request:
1 > POST http://localhost:6969/students/v1/check/studentid
1 > Content-Type: application/json; charset=UTF-8
1 > Content-Length: 27
1 > Host: localhost:6969
1 > Connection: Keep-Alive
1 > User-Agent: Apache-HttpClient/4.5.13 (Java/17.0.1)
1 > Accept-Encoding: gzip,deflate
{"studentId":"59090500409"}

20:39:02.030 [main] DEBUG com.intuit.karate - response time in milliseconds: 157
1 < 200
1 < Content-Type: application/json
1 < Connection: close
1 < Date: Thu, 18 Nov 2021 13:39:02 GMT
1 < Transfer-Encoding: chunked
{
    "faculty": "วิทยาศาสตร์",
    "department": "คณิตศาสตร์",
    "major": "วิทยาการคอมพิวเตอร์ประยุกต์"
}
20:39:02.077 [main] INFO  com.intuit.karate - karate.env system property was: null 
20:39:02.080 [main] DEBUG com.intuit.karate - request:
1 > POST http://localhost:6969/students/v1/check/studentid
1 > Content-Type: application/json; charset=UTF-8
1 > Content-Length: 27
1 > Host: localhost:6969
1 > Connection: Keep-Alive
1 > User-Agent: Apache-HttpClient/4.5.13 (Java/17.0.1)
1 > Accept-Encoding: gzip,deflate
{"studentId":"59090500209"}

20:39:02.095 [main] DEBUG com.intuit.karate - response time in milliseconds: 13
1 < 200
1 < Content-Type: application/json
1 < Connection: close
1 < Date: Thu, 18 Nov 2021 13:39:02 GMT
1 < Transfer-Encoding: chunked
{
    "faculty": "วิทยาศาสตร์",
    "department": "คณิตศาสตร์",
    "major": "สถิติประยุกต์"
}
20:41:34.897 [main] DEBUG com.intuit.karate.Suite - [config] classpath:karate-config.js
20:41:35.911 [main] INFO  com.intuit.karate - karate.env system property was: null 
20:41:36.331 [main] DEBUG com.intuit.karate - request:
1 > POST http://localhost:6969/students/v1/check/studentid
1 > Content-Type: application/json; charset=UTF-8
1 > Content-Length: 27
1 > Host: localhost:6969
1 > Connection: Keep-Alive
1 > User-Agent: Apache-HttpClient/4.5.13 (Java/17.0.1)
1 > Accept-Encoding: gzip,deflate
{"studentId":"59090500409"}

20:41:36.378 [main] DEBUG com.intuit.karate - response time in milliseconds: 45
1 < 200
1 < Content-Type: application/json
1 < Connection: close
1 < Date: Thu, 18 Nov 2021 13:41:36 GMT
1 < Transfer-Encoding: chunked
{
    "faculty": "วิทยาศาสตร์",
    "department": "คณิตศาสตร์",
    "major": "วิทยาการคอมพิวเตอร์ประยุกต์"
}
20:41:36.420 [main] INFO  com.intuit.karate - karate.env system property was: null 
20:41:36.425 [main] DEBUG com.intuit.karate - request:
1 > POST http://localhost:6969/students/v1/check/studentid
1 > Content-Type: application/json; charset=UTF-8
1 > Content-Length: 27
1 > Host: localhost:6969
1 > Connection: Keep-Alive
1 > User-Agent: Apache-HttpClient/4.5.13 (Java/17.0.1)
1 > Accept-Encoding: gzip,deflate
{"studentId":"59090500209"}

20:41:36.430 [main] DEBUG com.intuit.karate - response time in milliseconds: 4
1 < 200
1 < Content-Type: application/json
1 < Connection: close
1 < Date: Thu, 18 Nov 2021 13:41:36 GMT
1 < Transfer-Encoding: chunked
{
    "faculty": "วิทยาศาสตร์",
    "department": "คณิตศาสตร์",
    "major": "สถิติประยุกต์"
}
20:43:35.522 [main] DEBUG com.intuit.karate.Suite - [config] classpath:karate-config.js
20:43:36.524 [main] INFO  com.intuit.karate - karate.env system property was: null 
20:43:36.941 [main] DEBUG com.intuit.karate - request:
1 > POST http://localhost:6969/students/v1/check/studentid
1 > Content-Type: application/json; charset=UTF-8
1 > Content-Length: 27
1 > Host: localhost:6969
1 > Connection: Keep-Alive
1 > User-Agent: Apache-HttpClient/4.5.13 (Java/17.0.1)
1 > Accept-Encoding: gzip,deflate
{"studentId":"59090500409"}

20:43:36.974 [main] DEBUG com.intuit.karate - response time in milliseconds: 31
1 < 200
1 < Content-Type: application/json
1 < Connection: close
1 < Date: Thu, 18 Nov 2021 13:43:36 GMT
1 < Transfer-Encoding: chunked
{
    "faculty": "วิทยาศาสตร์",
    "department": "คณิตศาสตร์",
    "major": "วิทยาการคอมพิวเตอร์ประยุกต์"
}
20:43:37.008 [main] INFO  com.intuit.karate - karate.env system property was: null 
20:43:37.010 [main] DEBUG com.intuit.karate - request:
1 > POST http://localhost:6969/students/v1/check/studentid
1 > Content-Type: application/json; charset=UTF-8
1 > Content-Length: 27
1 > Host: localhost:6969
1 > Connection: Keep-Alive
1 > User-Agent: Apache-HttpClient/4.5.13 (Java/17.0.1)
1 > Accept-Encoding: gzip,deflate
{"studentId":"59090500209"}

20:43:37.015 [main] DEBUG com.intuit.karate - response time in milliseconds: 4
1 < 200
1 < Content-Type: application/json
1 < Connection: close
1 < Date: Thu, 18 Nov 2021 13:43:37 GMT
1 < Transfer-Encoding: chunked
{
    "faculty": "วิทยาศาสตร์",
    "department": "คณิตศาสตร์",
    "major": "สถิติประยุกต์"
}
20:44:42.177 [main] DEBUG com.intuit.karate.Suite - [config] classpath:karate-config.js
20:44:43.175 [main] INFO  com.intuit.karate - karate.env system property was: null 
20:44:43.578 [main] DEBUG com.intuit.karate - request:
1 > POST http://localhost:6969/students/v1/check/studentid
1 > Content-Type: application/json; charset=UTF-8
1 > Content-Length: 27
1 > Host: localhost:6969
1 > Connection: Keep-Alive
1 > User-Agent: Apache-HttpClient/4.5.13 (Java/17.0.1)
1 > Accept-Encoding: gzip,deflate
{"studentId":"59090500409"}

20:44:43.608 [main] DEBUG com.intuit.karate - response time in milliseconds: 29
1 < 200
1 < Content-Type: application/json
1 < Connection: close
1 < Date: Thu, 18 Nov 2021 13:44:43 GMT
1 < Transfer-Encoding: chunked
{
    "faculty": "วิทยาศาสตร์",
    "department": "คณิตศาสตร์",
    "major": "วิทยาการคอมพิวเตอร์ประยุกต์"
}
20:44:43.684 [main] INFO  com.intuit.karate - karate.env system property was: null 
20:44:43.689 [main] DEBUG com.intuit.karate - request:
1 > POST http://localhost:6969/students/v1/check/studentid
1 > Content-Type: application/json; charset=UTF-8
1 > Content-Length: 27
1 > Host: localhost:6969
1 > Connection: Keep-Alive
1 > User-Agent: Apache-HttpClient/4.5.13 (Java/17.0.1)
1 > Accept-Encoding: gzip,deflate
{"studentId":"59090500209"}

20:44:43.695 [main] DEBUG com.intuit.karate - response time in milliseconds: 6
1 < 200
1 < Content-Type: application/json
1 < Connection: close
1 < Date: Thu, 18 Nov 2021 13:44:43 GMT
1 < Transfer-Encoding: chunked
{
    "faculty": "วิทยาศาสตร์",
    "department": "คณิตศาสตร์",
    "major": "สถิติประยุกต์"
}
20:47:19.034 [main] DEBUG com.intuit.karate.Suite - [config] classpath:karate-config.js
20:47:20.024 [main] INFO  com.intuit.karate - karate.env system property was: null 
20:47:20.505 [main] DEBUG com.intuit.karate - request:
1 > POST http://localhost:6969/students/v1/check/studentid
1 > Content-Type: application/json; charset=UTF-8
1 > Content-Length: 27
1 > Host: localhost:6969
1 > Connection: Keep-Alive
1 > User-Agent: Apache-HttpClient/4.5.13 (Java/17.0.1)
1 > Accept-Encoding: gzip,deflate
{"studentId":"59090500409"}

20:47:20.567 [main] DEBUG com.intuit.karate - response time in milliseconds: 40
1 < 200
1 < Content-Type: application/json
1 < Connection: close
1 < Date: Thu, 18 Nov 2021 13:47:20 GMT
1 < Transfer-Encoding: chunked
{
    "faculty": "วิทยาศาสตร์",
    "department": "คณิตศาสตร์",
    "major": "วิทยาการคอมพิวเตอร์ประยุกต์"
}
20:47:20.607 [main] INFO  com.intuit.karate - karate.env system property was: null 
20:47:20.611 [main] DEBUG com.intuit.karate - request:
1 > POST http://localhost:6969/students/v1/check/studentid
1 > Content-Type: application/json; charset=UTF-8
1 > Content-Length: 27
1 > Host: localhost:6969
1 > Connection: Keep-Alive
1 > User-Agent: Apache-HttpClient/4.5.13 (Java/17.0.1)
1 > Accept-Encoding: gzip,deflate
{"studentId":"59090500209"}

20:47:20.616 [main] DEBUG com.intuit.karate - response time in milliseconds: 5
1 < 200
1 < Content-Type: application/json
1 < Connection: close
1 < Date: Thu, 18 Nov 2021 13:47:20 GMT
1 < Transfer-Encoding: chunked
{
    "faculty": "วิทยาศาสตร์",
    "department": "คณิตศาสตร์",
    "major": "สถิติประยุกต์"
}
20:47:20.637 [main] INFO  com.intuit.karate - karate.env system property was: null 
20:47:20.640 [main] DEBUG com.intuit.karate - request:
1 > POST http://localhost:6969/students/v1/check/studentid
1 > Content-Type: application/json; charset=UTF-8
1 > Content-Length: 27
1 > Host: localhost:6969
1 > Connection: Keep-Alive
1 > User-Agent: Apache-HttpClient/4.5.13 (Java/17.0.1)
1 > Accept-Encoding: gzip,deflate
{"studentId":"59090500009"}

20:47:20.647 [main] DEBUG com.intuit.karate - response time in milliseconds: 6
1 < 200
1 < Content-Type: application/json
1 < Connection: close
1 < Date: Thu, 18 Nov 2021 13:47:20 GMT
1 < Transfer-Encoding: chunked
{
    "faculty": "วิทยาศาสตร์",
    "department": "คณิตศาสตร์",
    "major": "คณิตศาสตร์"
}
20:47:38.289 [main] DEBUG com.intuit.karate.Suite - [config] classpath:karate-config.js
20:47:46.172 [main] DEBUG com.intuit.karate.Suite - [config] classpath:karate-config.js
20:47:47.180 [main] INFO  com.intuit.karate - karate.env system property was: null 
20:47:47.627 [main] DEBUG com.intuit.karate - request:
1 > POST http://localhost:6969/students/v1/check/studentid
1 > Content-Type: application/json; charset=UTF-8
1 > Content-Length: 27
1 > Host: localhost:6969
1 > Connection: Keep-Alive
1 > User-Agent: Apache-HttpClient/4.5.13 (Java/17.0.1)
1 > Accept-Encoding: gzip,deflate
{"studentId":"59090500409"}

20:47:47.658 [main] DEBUG com.intuit.karate - response time in milliseconds: 28
1 < 200
1 < Content-Type: application/json
1 < Connection: close
1 < Date: Thu, 18 Nov 2021 13:47:47 GMT
1 < Transfer-Encoding: chunked
{
    "faculty": "วิทยาศาสตร์",
    "department": "คณิตศาสตร์",
    "major": "วิทยาการคอมพิวเตอร์ประยุกต์"
}
20:47:47.714 [main] INFO  com.intuit.karate - karate.env system property was: null 
20:47:47.719 [main] DEBUG com.intuit.karate - request:
1 > POST http://localhost:6969/students/v1/check/studentid
1 > Content-Type: application/json; charset=UTF-8
1 > Content-Length: 27
1 > Host: localhost:6969
1 > Connection: Keep-Alive
1 > User-Agent: Apache-HttpClient/4.5.13 (Java/17.0.1)
1 > Accept-Encoding: gzip,deflate
{"studentId":"59090500209"}

20:47:47.726 [main] DEBUG com.intuit.karate - response time in milliseconds: 7
1 < 200
1 < Content-Type: application/json
1 < Connection: close
1 < Date: Thu, 18 Nov 2021 13:47:47 GMT
1 < Transfer-Encoding: chunked
{
    "faculty": "วิทยาศาสตร์",
    "department": "คณิตศาสตร์",
    "major": "สถิติประยุกต์"
}
20:47:47.758 [main] INFO  com.intuit.karate - karate.env system property was: null 
20:47:47.764 [main] DEBUG com.intuit.karate - request:
1 > POST http://localhost:6969/students/v1/check/studentid
1 > Content-Type: application/json; charset=UTF-8
1 > Content-Length: 27
1 > Host: localhost:6969
1 > Connection: Keep-Alive
1 > User-Agent: Apache-HttpClient/4.5.13 (Java/17.0.1)
1 > Accept-Encoding: gzip,deflate
{"studentId":"59090500009"}

20:47:47.772 [main] DEBUG com.intuit.karate - response time in milliseconds: 8
1 < 200
1 < Content-Type: application/json
1 < Connection: close
1 < Date: Thu, 18 Nov 2021 13:47:47 GMT
1 < Transfer-Encoding: chunked
{
    "faculty": "วิทยาศาสตร์",
    "department": "คณิตศาสตร์",
    "major": "คณิตศาสตร์"
}
20:50:58.159 [main] DEBUG com.intuit.karate.Suite - [config] classpath:karate-config.js
20:50:59.102 [main] INFO  com.intuit.karate - karate.env system property was: null 
20:50:59.498 [main] DEBUG com.intuit.karate - request:
1 > POST http://localhost:6969/students/v1/check/studentid
1 > Content-Type: application/json; charset=UTF-8
1 > Content-Length: 27
1 > Host: localhost:6969
1 > Connection: Keep-Alive
1 > User-Agent: Apache-HttpClient/4.5.13 (Java/17.0.1)
1 > Accept-Encoding: gzip,deflate
{"studentId":"59090500409"}

20:50:59.527 [main] DEBUG com.intuit.karate - response time in milliseconds: 27
1 < 200
1 < Content-Type: application/json
1 < Connection: close
1 < Date: Thu, 18 Nov 2021 13:50:59 GMT
1 < Transfer-Encoding: chunked
{
    "faculty": "วิทยาศาสตร์",
    "department": "คณิตศาสตร์",
    "major": "วิทยาการคอมพิวเตอร์ประยุกต์"
}
20:50:59.563 [main] INFO  com.intuit.karate - karate.env system property was: null 
20:50:59.567 [main] DEBUG com.intuit.karate - request:
1 > POST http://localhost:6969/students/v1/check/studentid
1 > Content-Type: application/json; charset=UTF-8
1 > Content-Length: 27
1 > Host: localhost:6969
1 > Connection: Keep-Alive
1 > User-Agent: Apache-HttpClient/4.5.13 (Java/17.0.1)
1 > Accept-Encoding: gzip,deflate
{"studentId":"59090500209"}

20:50:59.574 [main] DEBUG com.intuit.karate - response time in milliseconds: 6
1 < 200
1 < Content-Type: application/json
1 < Connection: close
1 < Date: Thu, 18 Nov 2021 13:50:59 GMT
1 < Transfer-Encoding: chunked
{
    "faculty": "วิทยาศาสตร์",
    "department": "คณิตศาสตร์",
    "major": "สถิติประยุกต์"
}
20:50:59.596 [main] INFO  com.intuit.karate - karate.env system property was: null 
20:50:59.605 [main] DEBUG com.intuit.karate - request:
1 > POST http://localhost:6969/students/v1/check/studentid
1 > Content-Type: application/json; charset=UTF-8
1 > Content-Length: 27
1 > Host: localhost:6969
1 > Connection: Keep-Alive
1 > User-Agent: Apache-HttpClient/4.5.13 (Java/17.0.1)
1 > Accept-Encoding: gzip,deflate
{"studentId":"59090500009"}

20:50:59.615 [main] DEBUG com.intuit.karate - response time in milliseconds: 10
1 < 200
1 < Content-Type: application/json
1 < Connection: close
1 < Date: Thu, 18 Nov 2021 13:50:59 GMT
1 < Transfer-Encoding: chunked
{
    "faculty": "วิทยาศาสตร์",
    "department": "คณิตศาสตร์",
    "major": "คณิตศาสตร์"
}
20:50:59.669 [main] INFO  com.intuit.karate - karate.env system property was: null 
20:50:59.674 [main] DEBUG com.intuit.karate - request:
1 > POST http://localhost:6969/students/v1/check/studentid
1 > Content-Type: application/json; charset=UTF-8
1 > Content-Length: 16
1 > Host: localhost:6969
1 > Connection: Keep-Alive
1 > User-Agent: Apache-HttpClient/4.5.13 (Java/17.0.1)
1 > Accept-Encoding: gzip,deflate
{"studentId":""}

20:50:59.688 [main] DEBUG com.intuit.karate - response time in milliseconds: 14
1 < 200
1 < Content-Type: application/json
1 < Connection: close
1 < Date: Thu, 18 Nov 2021 13:50:59 GMT
1 < Transfer-Encoding: chunked
{
    "message": "กรุณากรอกข้อมูล"
}
20:52:14.886 [main] DEBUG com.intuit.karate.Suite - [config] classpath:karate-config.js
20:52:15.930 [main] INFO  com.intuit.karate - karate.env system property was: null 
20:52:16.359 [main] DEBUG com.intuit.karate - request:
1 > POST http://localhost:6969/students/v1/check/studentid
1 > Content-Type: application/json; charset=UTF-8
1 > Content-Length: 27
1 > Host: localhost:6969
1 > Connection: Keep-Alive
1 > User-Agent: Apache-HttpClient/4.5.13 (Java/17.0.1)
1 > Accept-Encoding: gzip,deflate
{"studentId":"59090500409"}

20:52:16.389 [main] DEBUG com.intuit.karate - response time in milliseconds: 28
1 < 200
1 < Content-Type: application/json
1 < Connection: close
1 < Date: Thu, 18 Nov 2021 13:52:16 GMT
1 < Transfer-Encoding: chunked
{
    "faculty": "วิทยาศาสตร์",
    "department": "คณิตศาสตร์",
    "major": "วิทยาการคอมพิวเตอร์ประยุกต์"
}
20:52:16.425 [main] INFO  com.intuit.karate - karate.env system property was: null 
20:52:16.429 [main] DEBUG com.intuit.karate - request:
1 > POST http://localhost:6969/students/v1/check/studentid
1 > Content-Type: application/json; charset=UTF-8
1 > Content-Length: 27
1 > Host: localhost:6969
1 > Connection: Keep-Alive
1 > User-Agent: Apache-HttpClient/4.5.13 (Java/17.0.1)
1 > Accept-Encoding: gzip,deflate
{"studentId":"59090500209"}

20:52:16.436 [main] DEBUG com.intuit.karate - response time in milliseconds: 6
1 < 200
1 < Content-Type: application/json
1 < Connection: close
1 < Date: Thu, 18 Nov 2021 13:52:16 GMT
1 < Transfer-Encoding: chunked
{
    "faculty": "วิทยาศาสตร์",
    "department": "คณิตศาสตร์",
    "major": "สถิติประยุกต์"
}
20:52:16.460 [main] INFO  com.intuit.karate - karate.env system property was: null 
20:52:16.465 [main] DEBUG com.intuit.karate - request:
1 > POST http://localhost:6969/students/v1/check/studentid
1 > Content-Type: application/json; charset=UTF-8
1 > Content-Length: 27
1 > Host: localhost:6969
1 > Connection: Keep-Alive
1 > User-Agent: Apache-HttpClient/4.5.13 (Java/17.0.1)
1 > Accept-Encoding: gzip,deflate
{"studentId":"59090500009"}

20:52:16.475 [main] DEBUG com.intuit.karate - response time in milliseconds: 10
1 < 200
1 < Content-Type: application/json
1 < Connection: close
1 < Date: Thu, 18 Nov 2021 13:52:16 GMT
1 < Transfer-Encoding: chunked
{
    "faculty": "วิทยาศาสตร์",
    "department": "คณิตศาสตร์",
    "major": "คณิตศาสตร์"
}
20:52:16.522 [main] INFO  com.intuit.karate - karate.env system property was: null 
20:52:16.526 [main] DEBUG com.intuit.karate - request:
1 > POST http://localhost:6969/students/v1/check/studentid
1 > Content-Type: application/json; charset=UTF-8
1 > Content-Length: 16
1 > Host: localhost:6969
1 > Connection: Keep-Alive
1 > User-Agent: Apache-HttpClient/4.5.13 (Java/17.0.1)
1 > Accept-Encoding: gzip,deflate
{"studentId":""}

20:52:16.541 [main] DEBUG com.intuit.karate - response time in milliseconds: 14
1 < 200
1 < Content-Type: application/json
1 < Connection: close
1 < Date: Thu, 18 Nov 2021 13:52:16 GMT
1 < Transfer-Encoding: chunked
{
    "message": "กรุณากรอกข้อมูล"
}
20:56:58.938 [main] DEBUG com.intuit.karate.Suite - [config] classpath:karate-config.js
20:56:59.918 [main] INFO  com.intuit.karate - karate.env system property was: null 
20:57:00.334 [main] DEBUG com.intuit.karate - request:
1 > POST http://localhost:6969/students/v1/check/studentid
1 > Content-Type: application/json; charset=UTF-8
1 > Content-Length: 27
1 > Host: localhost:6969
1 > Connection: Keep-Alive
1 > User-Agent: Apache-HttpClient/4.5.13 (Java/17.0.1)
1 > Accept-Encoding: gzip,deflate
{"studentId":"59090500409"}

20:57:00.364 [main] DEBUG com.intuit.karate - response time in milliseconds: 28
1 < 200
1 < Content-Type: application/json
1 < Connection: close
1 < Date: Thu, 18 Nov 2021 13:57:00 GMT
1 < Transfer-Encoding: chunked
{
    "faculty": "วิทยาศาสตร์",
    "department": "คณิตศาสตร์",
    "major": "วิทยาการคอมพิวเตอร์ประยุกต์"
}
20:57:00.405 [main] INFO  com.intuit.karate - karate.env system property was: null 
20:57:00.409 [main] DEBUG com.intuit.karate - request:
1 > POST http://localhost:6969/students/v1/check/studentid
1 > Content-Type: application/json; charset=UTF-8
1 > Content-Length: 27
1 > Host: localhost:6969
1 > Connection: Keep-Alive
1 > User-Agent: Apache-HttpClient/4.5.13 (Java/17.0.1)
1 > Accept-Encoding: gzip,deflate
{"studentId":"59090500209"}

20:57:00.415 [main] DEBUG com.intuit.karate - response time in milliseconds: 6
1 < 200
1 < Content-Type: application/json
1 < Connection: close
1 < Date: Thu, 18 Nov 2021 13:57:00 GMT
1 < Transfer-Encoding: chunked
{
    "faculty": "วิทยาศาสตร์",
    "department": "คณิตศาสตร์",
    "major": "สถิติประยุกต์"
}
20:57:00.432 [main] INFO  com.intuit.karate - karate.env system property was: null 
20:57:00.436 [main] DEBUG com.intuit.karate - request:
1 > POST http://localhost:6969/students/v1/check/studentid
1 > Content-Type: application/json; charset=UTF-8
1 > Content-Length: 27
1 > Host: localhost:6969
1 > Connection: Keep-Alive
1 > User-Agent: Apache-HttpClient/4.5.13 (Java/17.0.1)
1 > Accept-Encoding: gzip,deflate
{"studentId":"59090500009"}

20:57:00.448 [main] DEBUG com.intuit.karate - response time in milliseconds: 11
1 < 200
1 < Content-Type: application/json
1 < Connection: close
1 < Date: Thu, 18 Nov 2021 13:57:00 GMT
1 < Transfer-Encoding: chunked
{
    "faculty": "วิทยาศาสตร์",
    "department": "คณิตศาสตร์",
    "major": "คณิตศาสตร์"
}
20:57:00.489 [main] INFO  com.intuit.karate - karate.env system property was: null 
20:57:00.495 [main] DEBUG com.intuit.karate - request:
1 > POST http://localhost:6969/students/v1/check/studentid
1 > Content-Type: application/json; charset=UTF-8
1 > Content-Length: 16
1 > Host: localhost:6969
1 > Connection: Keep-Alive
1 > User-Agent: Apache-HttpClient/4.5.13 (Java/17.0.1)
1 > Accept-Encoding: gzip,deflate
{"studentId":""}

20:57:00.507 [main] DEBUG com.intuit.karate - response time in milliseconds: 12
1 < 200
1 < Content-Type: application/json
1 < Connection: close
1 < Date: Thu, 18 Nov 2021 13:57:00 GMT
1 < Transfer-Encoding: chunked
{
    "message": "กรุณากรอกข้อมูล"
}
20:57:00.521 [main] INFO  com.intuit.karate - karate.env system property was: null 
20:57:00.525 [main] DEBUG com.intuit.karate - request:
1 > POST http://localhost:6969/students/v1/check/studentid
1 > Content-Type: application/json; charset=UTF-8
1 > Content-Length: 27
1 > Host: localhost:6969
1 > Connection: Keep-Alive
1 > User-Agent: Apache-HttpClient/4.5.13 (Java/17.0.1)
1 > Accept-Encoding: gzip,deflate
{"studentId":"wdlmvjiefkm"}

20:57:00.535 [main] DEBUG com.intuit.karate - response time in milliseconds: 9
1 < 200
1 < Content-Type: application/json
1 < Connection: close
1 < Date: Thu, 18 Nov 2021 13:57:00 GMT
1 < Transfer-Encoding: chunked
{
    "message": "กรุณาใส่เฉพาะตัวเลข"
}
20:57:27.545 [main] DEBUG com.intuit.karate.Suite - [config] classpath:karate-config.js
20:57:28.492 [main] INFO  com.intuit.karate - karate.env system property was: null 
20:57:28.913 [main] DEBUG com.intuit.karate - request:
1 > POST http://localhost:6969/students/v1/check/studentid
1 > Content-Type: application/json; charset=UTF-8
1 > Content-Length: 27
1 > Host: localhost:6969
1 > Connection: Keep-Alive
1 > User-Agent: Apache-HttpClient/4.5.13 (Java/17.0.1)
1 > Accept-Encoding: gzip,deflate
{"studentId":"59090500409"}

20:57:28.963 [main] DEBUG com.intuit.karate - response time in milliseconds: 49
1 < 200
1 < Content-Type: application/json
1 < Connection: close
1 < Date: Thu, 18 Nov 2021 13:57:28 GMT
1 < Transfer-Encoding: chunked
{
    "faculty": "วิทยาศาสตร์",
    "department": "คณิตศาสตร์",
    "major": "วิทยาการคอมพิวเตอร์ประยุกต์"
}
20:57:29.011 [main] INFO  com.intuit.karate - karate.env system property was: null 
20:57:29.015 [main] DEBUG com.intuit.karate - request:
1 > POST http://localhost:6969/students/v1/check/studentid
1 > Content-Type: application/json; charset=UTF-8
1 > Content-Length: 27
1 > Host: localhost:6969
1 > Connection: Keep-Alive
1 > User-Agent: Apache-HttpClient/4.5.13 (Java/17.0.1)
1 > Accept-Encoding: gzip,deflate
{"studentId":"59090500209"}

20:57:29.024 [main] DEBUG com.intuit.karate - response time in milliseconds: 8
1 < 200
1 < Content-Type: application/json
1 < Connection: close
1 < Date: Thu, 18 Nov 2021 13:57:29 GMT
1 < Transfer-Encoding: chunked
{
    "faculty": "วิทยาศาสตร์",
    "department": "คณิตศาสตร์",
    "major": "สถิติประยุกต์"
}
20:57:29.044 [main] INFO  com.intuit.karate - karate.env system property was: null 
20:57:29.048 [main] DEBUG com.intuit.karate - request:
1 > POST http://localhost:6969/students/v1/check/studentid
1 > Content-Type: application/json; charset=UTF-8
1 > Content-Length: 27
1 > Host: localhost:6969
1 > Connection: Keep-Alive
1 > User-Agent: Apache-HttpClient/4.5.13 (Java/17.0.1)
1 > Accept-Encoding: gzip,deflate
{"studentId":"59090500009"}

20:57:29.057 [main] DEBUG com.intuit.karate - response time in milliseconds: 8
1 < 200
1 < Content-Type: application/json
1 < Connection: close
1 < Date: Thu, 18 Nov 2021 13:57:29 GMT
1 < Transfer-Encoding: chunked
{
    "faculty": "วิทยาศาสตร์",
    "department": "คณิตศาสตร์",
    "major": "คณิตศาสตร์"
}
20:57:29.078 [main] INFO  com.intuit.karate - karate.env system property was: null 
20:57:29.082 [main] DEBUG com.intuit.karate - request:
1 > POST http://localhost:6969/students/v1/check/studentid
1 > Content-Type: application/json; charset=UTF-8
1 > Content-Length: 16
1 > Host: localhost:6969
1 > Connection: Keep-Alive
1 > User-Agent: Apache-HttpClient/4.5.13 (Java/17.0.1)
1 > Accept-Encoding: gzip,deflate
{"studentId":""}

20:57:29.097 [main] DEBUG com.intuit.karate - response time in milliseconds: 15
1 < 200
1 < Content-Type: application/json
1 < Connection: close
1 < Date: Thu, 18 Nov 2021 13:57:29 GMT
1 < Transfer-Encoding: chunked
{
    "message": "กรุณากรอกข้อมูล"
}
20:57:29.113 [main] INFO  com.intuit.karate - karate.env system property was: null 
20:57:29.117 [main] DEBUG com.intuit.karate - request:
1 > POST http://localhost:6969/students/v1/check/studentid
1 > Content-Type: application/json; charset=UTF-8
1 > Content-Length: 27
1 > Host: localhost:6969
1 > Connection: Keep-Alive
1 > User-Agent: Apache-HttpClient/4.5.13 (Java/17.0.1)
1 > Accept-Encoding: gzip,deflate
{"studentId":"wdlmvjiefkm"}

20:57:29.131 [main] DEBUG com.intuit.karate - response time in milliseconds: 13
1 < 200
1 < Content-Type: application/json
1 < Connection: close
1 < Date: Thu, 18 Nov 2021 13:57:29 GMT
1 < Transfer-Encoding: chunked
{
    "message": "กรุณาใส่เฉพาะตัวเลข"
}
21:02:30.760 [main] DEBUG com.intuit.karate.Suite - [config] classpath:karate-config.js
21:02:31.726 [main] INFO  com.intuit.karate - karate.env system property was: null 
21:02:32.143 [main] DEBUG com.intuit.karate - request:
1 > POST http://localhost:6969/students/v1/check/studentid
1 > Content-Type: application/json; charset=UTF-8
1 > Content-Length: 27
1 > Host: localhost:6969
1 > Connection: Keep-Alive
1 > User-Agent: Apache-HttpClient/4.5.13 (Java/17.0.1)
1 > Accept-Encoding: gzip,deflate
{"studentId":"59090500409"}

21:02:32.173 [main] DEBUG com.intuit.karate - response time in milliseconds: 28
1 < 200
1 < Content-Type: application/json
1 < Connection: close
1 < Date: Thu, 18 Nov 2021 14:02:32 GMT
1 < Transfer-Encoding: chunked
{
    "faculty": "วิทยาศาสตร์",
    "department": "คณิตศาสตร์",
    "major": "วิทยาการคอมพิวเตอร์ประยุกต์"
}
21:02:32.213 [main] INFO  com.intuit.karate - karate.env system property was: null 
21:02:32.217 [main] DEBUG com.intuit.karate - request:
1 > POST http://localhost:6969/students/v1/check/studentid
1 > Content-Type: application/json; charset=UTF-8
1 > Content-Length: 27
1 > Host: localhost:6969
1 > Connection: Keep-Alive
1 > User-Agent: Apache-HttpClient/4.5.13 (Java/17.0.1)
1 > Accept-Encoding: gzip,deflate
{"studentId":"59090500209"}

21:02:32.223 [main] DEBUG com.intuit.karate - response time in milliseconds: 6
1 < 200
1 < Content-Type: application/json
1 < Connection: close
1 < Date: Thu, 18 Nov 2021 14:02:32 GMT
1 < Transfer-Encoding: chunked
{
    "faculty": "วิทยาศาสตร์",
    "department": "คณิตศาสตร์",
    "major": "สถิติประยุกต์"
}
21:02:32.245 [main] INFO  com.intuit.karate - karate.env system property was: null 
21:02:32.252 [main] DEBUG com.intuit.karate - request:
1 > POST http://localhost:6969/students/v1/check/studentid
1 > Content-Type: application/json; charset=UTF-8
1 > Content-Length: 27
1 > Host: localhost:6969
1 > Connection: Keep-Alive
1 > User-Agent: Apache-HttpClient/4.5.13 (Java/17.0.1)
1 > Accept-Encoding: gzip,deflate
{"studentId":"59090500009"}

21:02:32.265 [main] DEBUG com.intuit.karate - response time in milliseconds: 11
1 < 200
1 < Content-Type: application/json
1 < Connection: close
1 < Date: Thu, 18 Nov 2021 14:02:32 GMT
1 < Transfer-Encoding: chunked
{
    "faculty": "วิทยาศาสตร์",
    "department": "คณิตศาสตร์",
    "major": "คณิตศาสตร์"
}
21:02:32.321 [main] INFO  com.intuit.karate - karate.env system property was: null 
21:02:32.330 [main] DEBUG com.intuit.karate - request:
1 > POST http://localhost:6969/students/v1/check/studentid
1 > Content-Type: application/json; charset=UTF-8
1 > Content-Length: 16
1 > Host: localhost:6969
1 > Connection: Keep-Alive
1 > User-Agent: Apache-HttpClient/4.5.13 (Java/17.0.1)
1 > Accept-Encoding: gzip,deflate
{"studentId":""}

21:02:32.348 [main] DEBUG com.intuit.karate - response time in milliseconds: 17
1 < 200
1 < Content-Type: application/json
1 < Connection: close
1 < Date: Thu, 18 Nov 2021 14:02:32 GMT
1 < Transfer-Encoding: chunked
{
    "message": "กรุณากรอกข้อมูล"
}
21:02:32.366 [main] INFO  com.intuit.karate - karate.env system property was: null 
21:02:32.371 [main] DEBUG com.intuit.karate - request:
1 > POST http://localhost:6969/students/v1/check/studentid
1 > Content-Type: application/json; charset=UTF-8
1 > Content-Length: 26
1 > Host: localhost:6969
1 > Connection: Keep-Alive
1 > User-Agent: Apache-HttpClient/4.5.13 (Java/17.0.1)
1 > Accept-Encoding: gzip,deflate
{"studentId":"5909050022"}

21:02:32.384 [main] DEBUG com.intuit.karate - response time in milliseconds: 12
1 < 200
1 < Content-Type: application/json
1 < Connection: close
1 < Date: Thu, 18 Nov 2021 14:02:32 GMT
1 < Transfer-Encoding: chunked
{
    "message": "กรุณากรอกให้ครบ 11 ตัว"
}
21:05:49.843 [main] DEBUG com.intuit.karate.Suite - [config] classpath:karate-config.js
21:05:50.877 [main] INFO  com.intuit.karate - karate.env system property was: null 
21:05:51.287 [main] DEBUG com.intuit.karate - request:
1 > POST http://localhost:6969/students/v1/check/studentid
1 > Content-Type: application/json; charset=UTF-8
1 > Content-Length: 27
1 > Host: localhost:6969
1 > Connection: Keep-Alive
1 > User-Agent: Apache-HttpClient/4.5.13 (Java/17.0.1)
1 > Accept-Encoding: gzip,deflate
{"studentId":"59090500409"}

21:05:51.315 [main] DEBUG com.intuit.karate - response time in milliseconds: 25
1 < 200
1 < Content-Type: application/json
1 < Connection: close
1 < Date: Thu, 18 Nov 2021 14:05:51 GMT
1 < Transfer-Encoding: chunked
{
    "faculty": "วิทยาศาสตร์",
    "department": "คณิตศาสตร์",
    "major": "วิทยาการคอมพิวเตอร์ประยุกต์"
}
21:05:51.352 [main] INFO  com.intuit.karate - karate.env system property was: null 
21:05:51.359 [main] DEBUG com.intuit.karate - request:
1 > POST http://localhost:6969/students/v1/check/studentid
1 > Content-Type: application/json; charset=UTF-8
1 > Content-Length: 27
1 > Host: localhost:6969
1 > Connection: Keep-Alive
1 > User-Agent: Apache-HttpClient/4.5.13 (Java/17.0.1)
1 > Accept-Encoding: gzip,deflate
{"studentId":"59090500209"}

21:05:51.370 [main] DEBUG com.intuit.karate - response time in milliseconds: 10
1 < 200
1 < Content-Type: application/json
1 < Connection: close
1 < Date: Thu, 18 Nov 2021 14:05:51 GMT
1 < Transfer-Encoding: chunked
{
    "faculty": "วิทยาศาสตร์",
    "department": "คณิตศาสตร์",
    "major": "สถิติประยุกต์"
}
21:05:51.391 [main] INFO  com.intuit.karate - karate.env system property was: null 
21:05:51.396 [main] DEBUG com.intuit.karate - request:
1 > POST http://localhost:6969/students/v1/check/studentid
1 > Content-Type: application/json; charset=UTF-8
1 > Content-Length: 27
1 > Host: localhost:6969
1 > Connection: Keep-Alive
1 > User-Agent: Apache-HttpClient/4.5.13 (Java/17.0.1)
1 > Accept-Encoding: gzip,deflate
{"studentId":"59090500009"}

21:05:51.406 [main] DEBUG com.intuit.karate - response time in milliseconds: 10
1 < 200
1 < Content-Type: application/json
1 < Connection: close
1 < Date: Thu, 18 Nov 2021 14:05:51 GMT
1 < Transfer-Encoding: chunked
{
    "faculty": "วิทยาศาสตร์",
    "department": "คณิตศาสตร์",
    "major": "คณิตศาสตร์"
}
21:05:51.448 [main] INFO  com.intuit.karate - karate.env system property was: null 
21:05:51.451 [main] DEBUG com.intuit.karate - request:
1 > POST http://localhost:6969/students/v1/check/studentid
1 > Content-Type: application/json; charset=UTF-8
1 > Content-Length: 16
1 > Host: localhost:6969
1 > Connection: Keep-Alive
1 > User-Agent: Apache-HttpClient/4.5.13 (Java/17.0.1)
1 > Accept-Encoding: gzip,deflate
{"studentId":""}

21:05:51.462 [main] DEBUG com.intuit.karate - response time in milliseconds: 10
1 < 200
1 < Content-Type: application/json
1 < Connection: close
1 < Date: Thu, 18 Nov 2021 14:05:51 GMT
1 < Transfer-Encoding: chunked
{
    "message": "กรุณากรอกข้อมูล"
}
21:05:51.479 [main] INFO  com.intuit.karate - karate.env system property was: null 
21:05:51.484 [main] DEBUG com.intuit.karate - request:
1 > POST http://localhost:6969/students/v1/check/studentid
1 > Content-Type: application/json; charset=UTF-8
1 > Content-Length: 26
1 > Host: localhost:6969
1 > Connection: Keep-Alive
1 > User-Agent: Apache-HttpClient/4.5.13 (Java/17.0.1)
1 > Accept-Encoding: gzip,deflate
{"studentId":"5909050022"}

21:05:51.493 [main] DEBUG com.intuit.karate - response time in milliseconds: 9
1 < 200
1 < Content-Type: application/json
1 < Connection: close
1 < Date: Thu, 18 Nov 2021 14:05:51 GMT
1 < Transfer-Encoding: chunked
{
    "message": "กรุณากรอกให้ครบ 11 ตัว"
}
21:05:51.506 [main] INFO  com.intuit.karate - karate.env system property was: null 
21:05:51.511 [main] DEBUG com.intuit.karate - request:
1 > POST http://localhost:6969/students/v1/check/studentid
1 > Content-Type: application/json; charset=UTF-8
1 > Content-Length: 27
1 > Host: localhost:6969
1 > Connection: Keep-Alive
1 > User-Agent: Apache-HttpClient/4.5.13 (Java/17.0.1)
1 > Accept-Encoding: gzip,deflate
{"studentId":"59090500888"}

21:05:51.523 [main] DEBUG com.intuit.karate - response time in milliseconds: 10
1 < 200
1 < Content-Type: application/json
1 < Connection: close
1 < Date: Thu, 18 Nov 2021 14:05:51 GMT
1 < Transfer-Encoding: chunked
{
    "message": "not found"
}
21:07:29.373 [main] DEBUG com.intuit.karate.Suite - [config] classpath:karate-config.js
21:07:30.570 [main] INFO  com.intuit.karate - karate.env system property was: null 
21:07:31.028 [main] DEBUG com.intuit.karate - request:
1 > POST http://localhost:6969/students/v1/check/studentid
1 > Content-Type: application/json; charset=UTF-8
1 > Content-Length: 27
1 > Host: localhost:6969
1 > Connection: Keep-Alive
1 > User-Agent: Apache-HttpClient/4.5.13 (Java/17.0.1)
1 > Accept-Encoding: gzip,deflate
{"studentId":"59090500409"}

21:07:31.087 [main] DEBUG com.intuit.karate - response time in milliseconds: 58
1 < 200
1 < Content-Type: application/json
1 < Connection: close
1 < Date: Thu, 18 Nov 2021 14:07:31 GMT
1 < Transfer-Encoding: chunked
{
    "faculty": "วิทยาศาสตร์",
    "department": "คณิตศาสตร์",
    "major": "วิทยาการคอมพิวเตอร์ประยุกต์"
}
21:07:31.147 [main] INFO  com.intuit.karate - karate.env system property was: null 
21:07:31.153 [main] DEBUG com.intuit.karate - request:
1 > POST http://localhost:6969/students/v1/check/studentid
1 > Content-Type: application/json; charset=UTF-8
1 > Content-Length: 27
1 > Host: localhost:6969
1 > Connection: Keep-Alive
1 > User-Agent: Apache-HttpClient/4.5.13 (Java/17.0.1)
1 > Accept-Encoding: gzip,deflate
{"studentId":"59090500209"}

21:07:31.167 [main] DEBUG com.intuit.karate - response time in milliseconds: 13
1 < 200
1 < Content-Type: application/json
1 < Connection: close
1 < Date: Thu, 18 Nov 2021 14:07:31 GMT
1 < Transfer-Encoding: chunked
{
    "faculty": "วิทยาศาสตร์",
    "department": "คณิตศาสตร์",
    "major": "สถิติประยุกต์"
}
21:07:31.194 [main] INFO  com.intuit.karate - karate.env system property was: null 
21:07:31.199 [main] DEBUG com.intuit.karate - request:
1 > POST http://localhost:6969/students/v1/check/studentid
1 > Content-Type: application/json; charset=UTF-8
1 > Content-Length: 27
1 > Host: localhost:6969
1 > Connection: Keep-Alive
1 > User-Agent: Apache-HttpClient/4.5.13 (Java/17.0.1)
1 > Accept-Encoding: gzip,deflate
{"studentId":"59090500009"}

21:07:31.207 [main] DEBUG com.intuit.karate - response time in milliseconds: 8
1 < 200
1 < Content-Type: application/json
1 < Connection: close
1 < Date: Thu, 18 Nov 2021 14:07:31 GMT
1 < Transfer-Encoding: chunked
{
    "faculty": "วิทยาศาสตร์",
    "department": "คณิตศาสตร์",
    "major": "คณิตศาสตร์"
}
21:07:31.226 [main] INFO  com.intuit.karate - karate.env system property was: null 
21:07:31.230 [main] DEBUG com.intuit.karate - request:
1 > POST http://localhost:6969/students/v1/check/studentid
1 > Content-Type: application/json; charset=UTF-8
1 > Content-Length: 16
1 > Host: localhost:6969
1 > Connection: Keep-Alive
1 > User-Agent: Apache-HttpClient/4.5.13 (Java/17.0.1)
1 > Accept-Encoding: gzip,deflate
{"studentId":""}

21:07:31.246 [main] DEBUG com.intuit.karate - response time in milliseconds: 16
1 < 200
1 < Content-Type: application/json
1 < Connection: close
1 < Date: Thu, 18 Nov 2021 14:07:31 GMT
1 < Transfer-Encoding: chunked
{
    "message": "กรุณากรอกข้อมูล"
}
21:07:31.269 [main] INFO  com.intuit.karate - karate.env system property was: null 
21:07:31.276 [main] DEBUG com.intuit.karate - request:
1 > POST http://localhost:6969/students/v1/check/studentid
1 > Content-Type: application/json; charset=UTF-8
1 > Content-Length: 26
1 > Host: localhost:6969
1 > Connection: Keep-Alive
1 > User-Agent: Apache-HttpClient/4.5.13 (Java/17.0.1)
1 > Accept-Encoding: gzip,deflate
{"studentId":"5909050022"}

21:07:31.289 [main] DEBUG com.intuit.karate - response time in milliseconds: 13
1 < 200
1 < Content-Type: application/json
1 < Connection: close
1 < Date: Thu, 18 Nov 2021 14:07:31 GMT
1 < Transfer-Encoding: chunked
{
    "message": "กรุณากรอกให้ครบ 11 ตัว"
}
21:07:31.305 [main] INFO  com.intuit.karate - karate.env system property was: null 
21:07:31.310 [main] DEBUG com.intuit.karate - request:
1 > POST http://localhost:6969/students/v1/check/studentid
1 > Content-Type: application/json; charset=UTF-8
1 > Content-Length: 29
1 > Host: localhost:6969
1 > Connection: Keep-Alive
1 > User-Agent: Apache-HttpClient/4.5.13 (Java/17.0.1)
1 > Accept-Encoding: gzip,deflate
{"studentId":"5909050022888"}

21:07:31.324 [main] DEBUG com.intuit.karate - response time in milliseconds: 13
1 < 200
1 < Content-Type: application/json
1 < Connection: close
1 < Date: Thu, 18 Nov 2021 14:07:31 GMT
1 < Transfer-Encoding: chunked
{
    "message": "คุณใส่ตัวเลขมากกว่า 11 ตัว"
}
21:07:56.747 [main] DEBUG com.intuit.karate.Suite - [config] classpath:karate-config.js
21:07:57.716 [main] INFO  com.intuit.karate - karate.env system property was: null 
21:07:58.118 [main] DEBUG com.intuit.karate - request:
1 > POST http://localhost:6969/students/v1/check/studentid
1 > Content-Type: application/json; charset=UTF-8
1 > Content-Length: 27
1 > Host: localhost:6969
1 > Connection: Keep-Alive
1 > User-Agent: Apache-HttpClient/4.5.13 (Java/17.0.1)
1 > Accept-Encoding: gzip,deflate
{"studentId":"59090500409"}

21:07:58.173 [main] DEBUG com.intuit.karate - response time in milliseconds: 54
1 < 200
1 < Content-Type: application/json
1 < Connection: close
1 < Date: Thu, 18 Nov 2021 14:07:58 GMT
1 < Transfer-Encoding: chunked
{
    "faculty": "วิทยาศาสตร์",
    "department": "คณิตศาสตร์",
    "major": "วิทยาการคอมพิวเตอร์ประยุกต์"
}
21:07:58.215 [main] INFO  com.intuit.karate - karate.env system property was: null 
21:07:58.218 [main] DEBUG com.intuit.karate - request:
1 > POST http://localhost:6969/students/v1/check/studentid
1 > Content-Type: application/json; charset=UTF-8
1 > Content-Length: 27
1 > Host: localhost:6969
1 > Connection: Keep-Alive
1 > User-Agent: Apache-HttpClient/4.5.13 (Java/17.0.1)
1 > Accept-Encoding: gzip,deflate
{"studentId":"59090500209"}

21:07:58.224 [main] DEBUG com.intuit.karate - response time in milliseconds: 5
1 < 200
1 < Content-Type: application/json
1 < Connection: close
1 < Date: Thu, 18 Nov 2021 14:07:58 GMT
1 < Transfer-Encoding: chunked
{
    "faculty": "วิทยาศาสตร์",
    "department": "คณิตศาสตร์",
    "major": "สถิติประยุกต์"
}
21:07:58.240 [main] INFO  com.intuit.karate - karate.env system property was: null 
21:07:58.243 [main] DEBUG com.intuit.karate - request:
1 > POST http://localhost:6969/students/v1/check/studentid
1 > Content-Type: application/json; charset=UTF-8
1 > Content-Length: 27
1 > Host: localhost:6969
1 > Connection: Keep-Alive
1 > User-Agent: Apache-HttpClient/4.5.13 (Java/17.0.1)
1 > Accept-Encoding: gzip,deflate
{"studentId":"59090500009"}

21:07:58.249 [main] DEBUG com.intuit.karate - response time in milliseconds: 5
1 < 200
1 < Content-Type: application/json
1 < Connection: close
1 < Date: Thu, 18 Nov 2021 14:07:58 GMT
1 < Transfer-Encoding: chunked
{
    "faculty": "วิทยาศาสตร์",
    "department": "คณิตศาสตร์",
    "major": "คณิตศาสตร์"
}
21:07:58.267 [main] INFO  com.intuit.karate - karate.env system property was: null 
21:07:58.271 [main] DEBUG com.intuit.karate - request:
1 > POST http://localhost:6969/students/v1/check/studentid
1 > Content-Type: application/json; charset=UTF-8
1 > Content-Length: 16
1 > Host: localhost:6969
1 > Connection: Keep-Alive
1 > User-Agent: Apache-HttpClient/4.5.13 (Java/17.0.1)
1 > Accept-Encoding: gzip,deflate
{"studentId":""}

21:07:58.281 [main] DEBUG com.intuit.karate - response time in milliseconds: 10
1 < 200
1 < Content-Type: application/json
1 < Connection: close
1 < Date: Thu, 18 Nov 2021 14:07:58 GMT
1 < Transfer-Encoding: chunked
{
    "message": "กรุณากรอกข้อมูล"
}
21:07:58.292 [main] INFO  com.intuit.karate - karate.env system property was: null 
21:07:58.295 [main] DEBUG com.intuit.karate - request:
1 > POST http://localhost:6969/students/v1/check/studentid
1 > Content-Type: application/json; charset=UTF-8
1 > Content-Length: 26
1 > Host: localhost:6969
1 > Connection: Keep-Alive
1 > User-Agent: Apache-HttpClient/4.5.13 (Java/17.0.1)
1 > Accept-Encoding: gzip,deflate
{"studentId":"5909050022"}

21:07:58.307 [main] DEBUG com.intuit.karate - response time in milliseconds: 11
1 < 200
1 < Content-Type: application/json
1 < Connection: close
1 < Date: Thu, 18 Nov 2021 14:07:58 GMT
1 < Transfer-Encoding: chunked
{
    "message": "กรุณากรอกให้ครบ 11 ตัว"
}
21:07:58.319 [main] INFO  com.intuit.karate - karate.env system property was: null 
21:07:58.324 [main] DEBUG com.intuit.karate - request:
1 > POST http://localhost:6969/students/v1/check/studentid
1 > Content-Type: application/json; charset=UTF-8
1 > Content-Length: 29
1 > Host: localhost:6969
1 > Connection: Keep-Alive
1 > User-Agent: Apache-HttpClient/4.5.13 (Java/17.0.1)
1 > Accept-Encoding: gzip,deflate
{"studentId":"5909050022888"}

21:07:58.337 [main] DEBUG com.intuit.karate - response time in milliseconds: 12
1 < 200
1 < Content-Type: application/json
1 < Connection: close
1 < Date: Thu, 18 Nov 2021 14:07:58 GMT
1 < Transfer-Encoding: chunked
{
    "message": "คุณใส่ตัวเลขมากกว่า 11 ตัว"
}
21:10:29.446 [main] DEBUG com.intuit.karate.Suite - [config] classpath:karate-config.js
21:10:30.430 [main] INFO  com.intuit.karate - karate.env system property was: null 
21:10:30.842 [main] DEBUG com.intuit.karate - request:
1 > POST http://localhost:6969/students/v1/check/studentid
1 > Content-Type: application/json; charset=UTF-8
1 > Content-Length: 27
1 > Host: localhost:6969
1 > Connection: Keep-Alive
1 > User-Agent: Apache-HttpClient/4.5.13 (Java/17.0.1)
1 > Accept-Encoding: gzip,deflate
{"studentId":"59090500409"}

21:10:30.890 [main] DEBUG com.intuit.karate - response time in milliseconds: 46
1 < 200
1 < Content-Type: application/json
1 < Connection: close
1 < Date: Thu, 18 Nov 2021 14:10:30 GMT
1 < Transfer-Encoding: chunked
{
    "faculty": "วิทยาศาสตร์",
    "department": "คณิตศาสตร์",
    "major": "วิทยาการคอมพิวเตอร์ประยุกต์"
}
21:10:30.931 [main] INFO  com.intuit.karate - karate.env system property was: null 
21:10:30.936 [main] DEBUG com.intuit.karate - request:
1 > POST http://localhost:6969/students/v1/check/studentid
1 > Content-Type: application/json; charset=UTF-8
1 > Content-Length: 27
1 > Host: localhost:6969
1 > Connection: Keep-Alive
1 > User-Agent: Apache-HttpClient/4.5.13 (Java/17.0.1)
1 > Accept-Encoding: gzip,deflate
{"studentId":"59090500209"}

21:10:30.941 [main] DEBUG com.intuit.karate - response time in milliseconds: 5
1 < 200
1 < Content-Type: application/json
1 < Connection: close
1 < Date: Thu, 18 Nov 2021 14:10:30 GMT
1 < Transfer-Encoding: chunked
{
    "faculty": "วิทยาศาสตร์",
    "department": "คณิตศาสตร์",
    "major": "สถิติประยุกต์"
}
21:10:30.958 [main] INFO  com.intuit.karate - karate.env system property was: null 
21:10:30.962 [main] DEBUG com.intuit.karate - request:
1 > POST http://localhost:6969/students/v1/check/studentid
1 > Content-Type: application/json; charset=UTF-8
1 > Content-Length: 27
1 > Host: localhost:6969
1 > Connection: Keep-Alive
1 > User-Agent: Apache-HttpClient/4.5.13 (Java/17.0.1)
1 > Accept-Encoding: gzip,deflate
{"studentId":"59090500009"}

21:10:30.969 [main] DEBUG com.intuit.karate - response time in milliseconds: 6
1 < 200
1 < Content-Type: application/json
1 < Connection: close
1 < Date: Thu, 18 Nov 2021 14:10:30 GMT
1 < Transfer-Encoding: chunked
{
    "faculty": "วิทยาศาสตร์",
    "department": "คณิตศาสตร์",
    "major": "คณิตศาสตร์"
}
21:10:30.991 [main] INFO  com.intuit.karate - karate.env system property was: null 
21:10:30.997 [main] DEBUG com.intuit.karate - request:
1 > POST http://localhost:6969/students/v1/check/studentid
1 > Content-Type: application/json; charset=UTF-8
1 > Content-Length: 16
1 > Host: localhost:6969
1 > Connection: Keep-Alive
1 > User-Agent: Apache-HttpClient/4.5.13 (Java/17.0.1)
1 > Accept-Encoding: gzip,deflate
{"studentId":""}

21:10:31.011 [main] DEBUG com.intuit.karate - response time in milliseconds: 14
1 < 200
1 < Content-Type: application/json
1 < Connection: close
1 < Date: Thu, 18 Nov 2021 14:10:30 GMT
1 < Transfer-Encoding: chunked
{
    "message": "กรุณากรอกข้อมูล"
}
21:10:31.022 [main] INFO  com.intuit.karate - karate.env system property was: null 
21:10:31.026 [main] DEBUG com.intuit.karate - request:
1 > POST http://localhost:6969/students/v1/check/studentid
1 > Content-Type: application/json; charset=UTF-8
1 > Content-Length: 26
1 > Host: localhost:6969
1 > Connection: Keep-Alive
1 > User-Agent: Apache-HttpClient/4.5.13 (Java/17.0.1)
1 > Accept-Encoding: gzip,deflate
{"studentId":"5909050022"}

21:10:31.036 [main] DEBUG com.intuit.karate - response time in milliseconds: 10
1 < 200
1 < Content-Type: application/json
1 < Connection: close
1 < Date: Thu, 18 Nov 2021 14:10:31 GMT
1 < Transfer-Encoding: chunked
{
    "message": "กรุณากรอกให้ครบ 11 ตัว"
}
21:10:31.049 [main] INFO  com.intuit.karate - karate.env system property was: null 
21:10:31.054 [main] DEBUG com.intuit.karate - request:
1 > POST http://localhost:6969/students/v1/check/studentid
1 > Content-Type: application/json; charset=UTF-8
1 > Content-Length: 29
1 > Host: localhost:6969
1 > Connection: Keep-Alive
1 > User-Agent: Apache-HttpClient/4.5.13 (Java/17.0.1)
1 > Accept-Encoding: gzip,deflate
{"studentId":"5909050022888"}

21:10:31.068 [main] DEBUG com.intuit.karate - response time in milliseconds: 13
1 < 200
1 < Content-Type: application/json
1 < Connection: close
1 < Date: Thu, 18 Nov 2021 14:10:31 GMT
1 < Transfer-Encoding: chunked
{
    "message": "คุณใส่ตัวเลขมากกว่า 11 ตัว"
}
21:10:31.085 [main] INFO  com.intuit.karate - karate.env system property was: null 
21:10:31.092 [main] DEBUG com.intuit.karate - request:
1 > POST http://localhost:6969/students/v1/check/studentid
1 > Content-Type: application/json; charset=UTF-8
1 > Content-Length: 33
1 > Host: localhost:6969
1 > Connection: Keep-Alive
1 > User-Agent: Apache-HttpClient/4.5.13 (Java/17.0.1)
1 > Accept-Encoding: gzip,deflate
{"studentId":"gnvjsozdnweiofjvm"}

21:10:31.105 [main] DEBUG com.intuit.karate - response time in milliseconds: 12
1 < 200
1 < Content-Type: application/json
1 < Connection: close
1 < Date: Thu, 18 Nov 2021 14:10:31 GMT
1 < Transfer-Encoding: chunked
{
    "message": "กรุณาใส่เฉพาะตัวเลข"
}
21:12:57.843 [main] DEBUG com.intuit.karate.Suite - [config] classpath:karate-config.js
21:12:58.813 [main] INFO  com.intuit.karate - karate.env system property was: null 
21:12:59.232 [main] DEBUG com.intuit.karate - request:
1 > POST http://localhost:6969/students/v1/check/studentid
1 > Content-Type: application/json; charset=UTF-8
1 > Content-Length: 27
1 > Host: localhost:6969
1 > Connection: Keep-Alive
1 > User-Agent: Apache-HttpClient/4.5.13 (Java/17.0.1)
1 > Accept-Encoding: gzip,deflate
{"studentId":"59090500409"}

21:12:59.284 [main] DEBUG com.intuit.karate - response time in milliseconds: 50
1 < 200
1 < Content-Type: application/json
1 < Connection: close
1 < Date: Thu, 18 Nov 2021 14:12:59 GMT
1 < Transfer-Encoding: chunked
{
    "faculty": "วิทยาศาสตร์",
    "department": "คณิตศาสตร์",
    "major": "วิทยาการคอมพิวเตอร์ประยุกต์"
}
21:12:59.326 [main] INFO  com.intuit.karate - karate.env system property was: null 
21:12:59.331 [main] DEBUG com.intuit.karate - request:
1 > POST http://localhost:6969/students/v1/check/studentid
1 > Content-Type: application/json; charset=UTF-8
1 > Content-Length: 27
1 > Host: localhost:6969
1 > Connection: Keep-Alive
1 > User-Agent: Apache-HttpClient/4.5.13 (Java/17.0.1)
1 > Accept-Encoding: gzip,deflate
{"studentId":"59090500209"}

21:12:59.336 [main] DEBUG com.intuit.karate - response time in milliseconds: 5
1 < 200
1 < Content-Type: application/json
1 < Connection: close
1 < Date: Thu, 18 Nov 2021 14:12:59 GMT
1 < Transfer-Encoding: chunked
{
    "faculty": "วิทยาศาสตร์",
    "department": "คณิตศาสตร์",
    "major": "สถิติประยุกต์"
}
21:12:59.361 [main] INFO  com.intuit.karate - karate.env system property was: null 
21:12:59.364 [main] DEBUG com.intuit.karate - request:
1 > POST http://localhost:6969/students/v1/check/studentid
1 > Content-Type: application/json; charset=UTF-8
1 > Content-Length: 27
1 > Host: localhost:6969
1 > Connection: Keep-Alive
1 > User-Agent: Apache-HttpClient/4.5.13 (Java/17.0.1)
1 > Accept-Encoding: gzip,deflate
{"studentId":"59090500009"}

21:12:59.371 [main] DEBUG com.intuit.karate - response time in milliseconds: 7
1 < 200
1 < Content-Type: application/json
1 < Connection: close
1 < Date: Thu, 18 Nov 2021 14:12:59 GMT
1 < Transfer-Encoding: chunked
{
    "faculty": "วิทยาศาสตร์",
    "department": "คณิตศาสตร์",
    "major": "คณิตศาสตร์"
}
21:12:59.390 [main] INFO  com.intuit.karate - karate.env system property was: null 
21:12:59.394 [main] DEBUG com.intuit.karate - request:
1 > POST http://localhost:6969/students/v1/check/studentid
1 > Content-Type: application/json; charset=UTF-8
1 > Content-Length: 16
1 > Host: localhost:6969
1 > Connection: Keep-Alive
1 > User-Agent: Apache-HttpClient/4.5.13 (Java/17.0.1)
1 > Accept-Encoding: gzip,deflate
{"studentId":""}

21:12:59.408 [main] DEBUG com.intuit.karate - response time in milliseconds: 14
1 < 200
1 < Content-Type: application/json
1 < Connection: close
1 < Date: Thu, 18 Nov 2021 14:12:59 GMT
1 < Transfer-Encoding: chunked
{
    "message": "กรุณากรอกข้อมูล"
}
21:12:59.419 [main] INFO  com.intuit.karate - karate.env system property was: null 
21:12:59.423 [main] DEBUG com.intuit.karate - request:
1 > POST http://localhost:6969/students/v1/check/studentid
1 > Content-Type: application/json; charset=UTF-8
1 > Content-Length: 26
1 > Host: localhost:6969
1 > Connection: Keep-Alive
1 > User-Agent: Apache-HttpClient/4.5.13 (Java/17.0.1)
1 > Accept-Encoding: gzip,deflate
{"studentId":"5909050022"}

21:12:59.433 [main] DEBUG com.intuit.karate - response time in milliseconds: 10
1 < 200
1 < Content-Type: application/json
1 < Connection: close
1 < Date: Thu, 18 Nov 2021 14:12:59 GMT
1 < Transfer-Encoding: chunked
{
    "message": "กรุณากรอกให้ครบ 11 ตัว"
}
21:12:59.455 [main] INFO  com.intuit.karate - karate.env system property was: null 
21:12:59.459 [main] DEBUG com.intuit.karate - request:
1 > POST http://localhost:6969/students/v1/check/studentid
1 > Content-Type: application/json; charset=UTF-8
1 > Content-Length: 29
1 > Host: localhost:6969
1 > Connection: Keep-Alive
1 > User-Agent: Apache-HttpClient/4.5.13 (Java/17.0.1)
1 > Accept-Encoding: gzip,deflate
{"studentId":"5909050022888"}

21:12:59.478 [main] DEBUG com.intuit.karate - response time in milliseconds: 19
1 < 200
1 < Content-Type: application/json
1 < Connection: close
1 < Date: Thu, 18 Nov 2021 14:12:59 GMT
1 < Transfer-Encoding: chunked
{
    "message": "คุณใส่ตัวเลขมากกว่า 11 ตัว"
}
21:12:59.494 [main] INFO  com.intuit.karate - karate.env system property was: null 
21:12:59.499 [main] DEBUG com.intuit.karate - request:
1 > POST http://localhost:6969/students/v1/check/studentid
1 > Content-Type: application/json; charset=UTF-8
1 > Content-Length: 33
1 > Host: localhost:6969
1 > Connection: Keep-Alive
1 > User-Agent: Apache-HttpClient/4.5.13 (Java/17.0.1)
1 > Accept-Encoding: gzip,deflate
{"studentId":"gnvjsozdnweiofjvm"}

21:12:59.511 [main] DEBUG com.intuit.karate - response time in milliseconds: 11
1 < 200
1 < Content-Type: application/json
1 < Connection: close
1 < Date: Thu, 18 Nov 2021 14:12:59 GMT
1 < Transfer-Encoding: chunked
{
    "message": "กรุณาใส่เฉพาะตัวเลข"
}
21:12:59.541 [main] INFO  com.intuit.karate - karate.env system property was: null 
21:12:59.547 [main] DEBUG com.intuit.karate - request:
1 > POST http://localhost:6969/students/v1/check/studentid
1 > Content-Type: application/json; charset=UTF-8
1 > Content-Length: 27
1 > Host: localhost:6969
1 > Connection: Keep-Alive
1 > User-Agent: Apache-HttpClient/4.5.13 (Java/17.0.1)
1 > Accept-Encoding: gzip,deflate
{"studentId":"59090500809"}

21:12:59.568 [main] DEBUG com.intuit.karate - response time in milliseconds: 21
1 < 200
1 < Content-Type: application/json
1 < Connection: close
1 < Date: Thu, 18 Nov 2021 14:12:59 GMT
1 < Transfer-Encoding: chunked
{
    "message": "not found"
}
